<?xml version="1.0" encoding="UTF-8"?>
<!-- Generated by org.testng.reporters.JUnitReportReporter -->
<testsuite hostname="shivams-MacBook-Air.local" failures="0" tests="1" name="Tests.Final_Test" time="9.376" errors="0" timestamp="2024-09-02T13:03:32 IST" skipped="0">
  <testcase classname="Tests.Final_Test" name="Compare" time="9.376"/>
</testsuite> <!-- Tests.Final_Test -->
