<?xml version="1.0" encoding="UTF-8"?>
<!-- Generated by org.testng.reporters.JUnitReportReporter -->
<testsuite hostname="shivams-MacBook-Air.local" failures="0" tests="6" name="Tests.Final_Test" time="52.119" errors="0" timestamp="2024-08-31T13:17:16 IST" skipped="0">
  <testcase classname="Tests.Final_Test" name="filter_1" time="8.582"/>
  <testcase classname="Tests.Final_Test" name="filter_2" time="8.790"/>
  <testcase classname="Tests.Final_Test" name="filter_3" time="8.590"/>
  <testcase classname="Tests.Final_Test" name="filter_4" time="8.120"/>
  <testcase classname="Tests.Final_Test" name="Compare" time="8.896"/>
  <testcase classname="Tests.Final_Test" name="Compare2" time="9.141"/>
</testsuite> <!-- Tests.Final_Test -->
